Using pre-set license
Built from '2020.3/release' branch; Version is '2020.3.2f1 (8fd9074bf66c) revision 9427207'; Using compiler version '192528614'; Build Type 'Release'
OS: 'Windows 10 Home; OS build 19042.1466; Version 2009; 64bit' Language: 'en' Physical Memory: 8109 MB
BatchMode: 1, IsHumanControllingUs: 0, StartBugReporterOnCrash: 0, Is64bit: 1, IsPro: 0

 COMMAND LINE ARGUMENTS:
C:\Program Files\Unity\Hub\Editor\2020.3.2f1\Editor\Unity.exe
-adb2
-batchMode
-noUpm
-name
AssetImportWorker0
-projectPath
C:/Users/edobu/OneDrive/Documenti/GitHub/SlappyBirb/SlappyBirb
-logFile
Logs/AssetImportWorker0.log
-srvPort
52553
Successfully changed project path to: C:/Users/edobu/OneDrive/Documenti/GitHub/SlappyBirb/SlappyBirb
C:/Users/edobu/OneDrive/Documenti/GitHub/SlappyBirb/SlappyBirb
Using Asset Import Pipeline V2.
Unable to join player connection multicast group.

Refreshing native plugins compatible for Editor in 52.82 ms, found 1 plugins.
Preloading 0 native plugins for Editor in 0.00 ms.
Initialize engine version: 2020.3.2f1 (8fd9074bf66c)
[Subsystems] Discovering subsystems at path C:/Program Files/Unity/Hub/Editor/2020.3.2f1/Editor/Data/Resources/UnitySubsystems
[Subsystems] Discovering subsystems at path C:/Users/edobu/OneDrive/Documenti/GitHub/SlappyBirb/SlappyBirb/Assets
GfxDevice: creating device client; threaded=0
Direct3D:
    Version:  Direct3D 11.0 [level 11.1]
    Renderer: Intel(R) UHD Graphics 620 (ID=0x5917)
    Vendor:   
    VRAM:     4054 MB
    Driver:   27.20.100.8681
Initialize mono
Mono path[0] = 'C:/Program Files/Unity/Hub/Editor/2020.3.2f1/Editor/Data/Managed'
Mono path[1] = 'C:/Program Files/Unity/Hub/Editor/2020.3.2f1/Editor/Data/MonoBleedingEdge/lib/mono/unityjit'
Mono config path = 'C:/Program Files/Unity/Hub/Editor/2020.3.2f1/Editor/Data/MonoBleedingEdge/etc'
Using monoOptions --debugger-agent=transport=dt_socket,embedding=1,server=y,suspend=n,address=127.0.0.1:56824
Begin MonoManager ReloadAssembly
Registering precompiled unity dll's ...
Register platform support module: C:/Program Files/Unity/Hub/Editor/2020.3.2f1/Editor/Data/PlaybackEngines/WindowsStandaloneSupport/UnityEditor.WindowsStandalone.Extensions.dll
Registered in 0.003069 seconds.
Native extension for WindowsStandalone target not found
Refreshing native plugins compatible for Editor in 60.92 ms, found 1 plugins.
Preloading 0 native plugins for Editor in 0.00 ms.
Invoked RoslynAnalysisRunner static constructor.
RoslynAnalysisRunner will not be running.
RoslynAnalysisRunner has terminated.
Mono: successfully reloaded assembly
- Completed reload, in  3.597 seconds
Platform modules already initialized, skipping
Registering precompiled user dll's ...
Registered in 0.001551 seconds.
Begin MonoManager ReloadAssembly
Native extension for WindowsStandalone target not found
Refreshing native plugins compatible for Editor in 46.09 ms, found 1 plugins.
Preloading 0 native plugins for Editor in 0.00 ms.
Invoked RoslynAnalysisRunner static constructor.
RoslynAnalysisRunner will not be running.
RoslynAnalysisRunner has terminated.
Mono: successfully reloaded assembly
- Completed reload, in  1.364 seconds
Platform modules already initialized, skipping
========================================================================
Worker process is ready to serve import requests
Launched and connected shader compiler UnityShaderCompiler.exe after 0.07 seconds
Refreshing native plugins compatible for Editor in 1.26 ms, found 1 plugins.
Preloading 0 native plugins for Editor in 0.00 ms.
Unloading 1862 Unused Serialized files (Serialized files now loaded: 0)
System memory in use before: 88.1 MB.
System memory in use after: 88.2 MB.

Unloading 19 unused Assets to reduce memory usage. Loaded Objects now: 2309.
Total: 3.285400 ms (FindLiveObjects: 0.367900 ms CreateObjectMapping: 0.133900 ms MarkObjects: 2.672500 ms  DeleteObjects: 0.109200 ms)

========================================================================
Received Import Request.
  path: Assets/Game/Scenes/GameScene.unity
  artifactKey: Guid(2cda990e2423bbf4892e6590ba056729) Importer(815301076,1909f56bfc062723c751e8b465ee728b)
Start importing Assets/Game/Scenes/GameScene.unity using Guid(2cda990e2423bbf4892e6590ba056729) Importer(815301076,1909f56bfc062723c751e8b465ee728b)  -> (artifact id: '154bf9cbc421fd9dcb1daa33edef33bf') in 0.024921 seconds
  Import took 0.029073 seconds .

========================================================================
Received Import Request.
  Time since last request: 0.011201 seconds.
  path: Assets/Game/Scenes/GameScene.unity
  artifactKey: Guid(2cda990e2423bbf4892e6590ba056729) Importer(815301076,1909f56bfc062723c751e8b465ee728b)
Start importing Assets/Game/Scenes/GameScene.unity using Guid(2cda990e2423bbf4892e6590ba056729) Importer(815301076,1909f56bfc062723c751e8b465ee728b)  -> (artifact id: '154bf9cbc421fd9dcb1daa33edef33bf') in 0.005003 seconds
  Import took 0.009964 seconds .

========================================================================
Received Prepare
Registering precompiled user dll's ...
Registered in 0.001773 seconds.
Begin MonoManager ReloadAssembly
Native extension for WindowsStandalone target not found
Refreshing native plugins compatible for Editor in 0.46 ms, found 1 plugins.
Preloading 0 native plugins for Editor in 0.00 ms.
Invoked RoslynAnalysisRunner static constructor.
RoslynAnalysisRunner will not be running.
RoslynAnalysisRunner has terminated.
Mono: successfully reloaded assembly
- Completed reload, in  1.212 seconds
Platform modules already initialized, skipping
Refreshing native plugins compatible for Editor in 0.54 ms, found 1 plugins.
Preloading 0 native plugins for Editor in 0.00 ms.
Unloading 1839 Unused Serialized files (Serialized files now loaded: 0)
System memory in use before: 86.3 MB.
System memory in use after: 86.4 MB.

Unloading 7 unused Assets to reduce memory usage. Loaded Objects now: 2313.
Total: 4.597300 ms (FindLiveObjects: 0.437100 ms CreateObjectMapping: 0.155200 ms MarkObjects: 3.971700 ms  DeleteObjects: 0.031100 ms)

========================================================================
Received Prepare
Registering precompiled user dll's ...
Registered in 0.001654 seconds.
Begin MonoManager ReloadAssembly
Native extension for WindowsStandalone target not found
Refreshing native plugins compatible for Editor in 0.52 ms, found 1 plugins.
Preloading 0 native plugins for Editor in 0.00 ms.
Invoked RoslynAnalysisRunner static constructor.
RoslynAnalysisRunner will not be running.
RoslynAnalysisRunner has terminated.
Mono: successfully reloaded assembly
- Completed reload, in  1.183 seconds
Platform modules already initialized, skipping
Refreshing native plugins compatible for Editor in 0.45 ms, found 1 plugins.
Preloading 0 native plugins for Editor in 0.00 ms.
Unloading 1839 Unused Serialized files (Serialized files now loaded: 0)
System memory in use before: 86.3 MB.
System memory in use after: 86.4 MB.

Unloading 7 unused Assets to reduce memory usage. Loaded Objects now: 2317.
Total: 3.158100 ms (FindLiveObjects: 0.299700 ms CreateObjectMapping: 0.088600 ms MarkObjects: 2.739500 ms  DeleteObjects: 0.028800 ms)

========================================================================
Received Prepare
Registering precompiled user dll's ...
Registered in 0.001633 seconds.
Begin MonoManager ReloadAssembly
Native extension for WindowsStandalone target not found
Refreshing native plugins compatible for Editor in 0.51 ms, found 1 plugins.
Preloading 0 native plugins for Editor in 0.00 ms.
Invoked RoslynAnalysisRunner static constructor.
RoslynAnalysisRunner will not be running.
RoslynAnalysisRunner has terminated.
Mono: successfully reloaded assembly
- Completed reload, in  1.152 seconds
Platform modules already initialized, skipping
Refreshing native plugins compatible for Editor in 0.51 ms, found 1 plugins.
Preloading 0 native plugins for Editor in 0.00 ms.
Unloading 1839 Unused Serialized files (Serialized files now loaded: 0)
System memory in use before: 86.3 MB.
System memory in use after: 86.4 MB.

Unloading 7 unused Assets to reduce memory usage. Loaded Objects now: 2321.
Total: 2.923000 ms (FindLiveObjects: 0.278400 ms CreateObjectMapping: 0.113100 ms MarkObjects: 2.503700 ms  DeleteObjects: 0.026000 ms)

========================================================================
Received Prepare
Registering precompiled user dll's ...
Registered in 0.001841 seconds.
Begin MonoManager ReloadAssembly
Native extension for WindowsStandalone target not found
Refreshing native plugins compatible for Editor in 0.51 ms, found 1 plugins.
Preloading 0 native plugins for Editor in 0.00 ms.
Invoked RoslynAnalysisRunner static constructor.
RoslynAnalysisRunner will not be running.
RoslynAnalysisRunner has terminated.
Mono: successfully reloaded assembly
- Completed reload, in  1.192 seconds
Platform modules already initialized, skipping
Refreshing native plugins compatible for Editor in 0.50 ms, found 1 plugins.
Preloading 0 native plugins for Editor in 0.00 ms.
Unloading 1839 Unused Serialized files (Serialized files now loaded: 0)
System memory in use before: 86.3 MB.
System memory in use after: 86.5 MB.

Unloading 7 unused Assets to reduce memory usage. Loaded Objects now: 2325.
Total: 2.781500 ms (FindLiveObjects: 0.300200 ms CreateObjectMapping: 0.093400 ms MarkObjects: 2.362300 ms  DeleteObjects: 0.023800 ms)

========================================================================
Received Import Request.
  Time since last request: 6042.167115 seconds.
  path: Assets/TextMesh Pro
  artifactKey: Guid(f54d1bd14bd3ca042bd867b519fee8cc) Importer(815301076,1909f56bfc062723c751e8b465ee728b)
Start importing Assets/TextMesh Pro using Guid(f54d1bd14bd3ca042bd867b519fee8cc) Importer(815301076,1909f56bfc062723c751e8b465ee728b)  -> (artifact id: 'c39565d08a2499f604508dd1ea501fd5') in 0.016327 seconds
  Import took 0.034081 seconds .

========================================================================
Received Import Request.
  Time since last request: 0.000829 seconds.
  path: Assets/TextMesh Pro
  artifactKey: Guid(f54d1bd14bd3ca042bd867b519fee8cc) Importer(815301076,1909f56bfc062723c751e8b465ee728b)
Start importing Assets/TextMesh Pro using Guid(f54d1bd14bd3ca042bd867b519fee8cc) Importer(815301076,1909f56bfc062723c751e8b465ee728b)  -> (artifact id: 'c39565d08a2499f604508dd1ea501fd5') in 0.004558 seconds
  Import took 0.009780 seconds .

========================================================================
Received Import Request.
  Time since last request: 1.190869 seconds.
  path: Assets/Game
  artifactKey: Guid(19bb70abeec36ed4eadefb75aace035a) Importer(815301076,1909f56bfc062723c751e8b465ee728b)
Start importing Assets/Game using Guid(19bb70abeec36ed4eadefb75aace035a) Importer(815301076,1909f56bfc062723c751e8b465ee728b)  -> (artifact id: 'f236cd0c6f56a27adcd01ead888877cd') in 0.025429 seconds
  Import took 0.030166 seconds .

========================================================================
Received Import Request.
  Time since last request: 1.127876 seconds.
  path: Assets/Game/Graphics
  artifactKey: Guid(e3213a434c3d43f4e8d1dc9b3e49dc13) Importer(815301076,1909f56bfc062723c751e8b465ee728b)
Start importing Assets/Game/Graphics using Guid(e3213a434c3d43f4e8d1dc9b3e49dc13) Importer(815301076,1909f56bfc062723c751e8b465ee728b)  -> (artifact id: 'bda18bf91f23a84ed760e54ad57cd168') in 0.016988 seconds
  Import took 0.039387 seconds .

========================================================================
Received Import Request.
  Time since last request: 0.118704 seconds.
  path: Assets/Game/Graphics/Birb-Sheet.png
  artifactKey: Guid(74927cc585ff7784e9f75a014a33a376) Importer(815301076,1909f56bfc062723c751e8b465ee728b)
Start importing Assets/Game/Graphics/Birb-Sheet.png using Guid(74927cc585ff7784e9f75a014a33a376) Importer(815301076,1909f56bfc062723c751e8b465ee728b)  -> (artifact id: '0b83de34c8245aebf1a8566f6a61df5b') in 0.188735 seconds
  Import took 0.194909 seconds .

========================================================================
Received Import Request.
  Time since last request: 0.000442 seconds.
  path: Assets/Game/Graphics/Cloud 1.png
  artifactKey: Guid(1b805db71e82dac4e96816606fbe69db) Importer(815301076,1909f56bfc062723c751e8b465ee728b)
Start importing Assets/Game/Graphics/Cloud 1.png using Guid(1b805db71e82dac4e96816606fbe69db) Importer(815301076,1909f56bfc062723c751e8b465ee728b)  -> (artifact id: '1808909664f0e03f1ca84efbb124dbab') in 0.038607 seconds
  Import took 0.042762 seconds .

========================================================================
Received Import Request.
  Time since last request: 0.000411 seconds.
  path: Assets/Game/Graphics/Pipe2.png
  artifactKey: Guid(5315d86cf4d8c0445a7112f5445cb6c2) Importer(815301076,1909f56bfc062723c751e8b465ee728b)
Start importing Assets/Game/Graphics/Pipe2.png using Guid(5315d86cf4d8c0445a7112f5445cb6c2) Importer(815301076,1909f56bfc062723c751e8b465ee728b)  -> (artifact id: '53379c8d2a9a35635cf457b7165b91af') in 0.023324 seconds
  Import took 0.028576 seconds .

========================================================================
Received Import Request.
  Time since last request: 0.000362 seconds.
  path: Assets/Game/Graphics/Cloud 1.png
  artifactKey: Guid(1b805db71e82dac4e96816606fbe69db) Importer(815301076,1909f56bfc062723c751e8b465ee728b)
Start importing Assets/Game/Graphics/Cloud 1.png using Guid(1b805db71e82dac4e96816606fbe69db) Importer(815301076,1909f56bfc062723c751e8b465ee728b)  -> (artifact id: '1808909664f0e03f1ca84efbb124dbab') in 0.025019 seconds
  Import took 0.030671 seconds .

========================================================================
Received Import Request.
  Time since last request: 0.000355 seconds.
  path: Assets/Game/Graphics/Sky Background.png
  artifactKey: Guid(d72d71f194a2b8740bbd7a87a7ee3ac8) Importer(815301076,1909f56bfc062723c751e8b465ee728b)
Start importing Assets/Game/Graphics/Sky Background.png using Guid(d72d71f194a2b8740bbd7a87a7ee3ac8) Importer(815301076,1909f56bfc062723c751e8b465ee728b)  -> (artifact id: 'd7c458884d590117f4df7552ee72c454') in 0.026469 seconds
  Import took 0.032569 seconds .

========================================================================
Received Import Request.
  Time since last request: 0.000474 seconds.
  path: Assets/Game/Graphics/Cloud.png
  artifactKey: Guid(db9527e596bf015439980f1b384e0891) Importer(815301076,1909f56bfc062723c751e8b465ee728b)
Start importing Assets/Game/Graphics/Cloud.png using Guid(db9527e596bf015439980f1b384e0891) Importer(815301076,1909f56bfc062723c751e8b465ee728b)  -> (artifact id: '08c469a2b91532c0ee229936b24056ca') in 0.031545 seconds
  Import took 0.035954 seconds .

========================================================================
Received Import Request.
  Time since last request: 0.000386 seconds.
  path: Assets/Game/Graphics/Pipe.png
  artifactKey: Guid(41971446312781a489a8778c2a360155) Importer(815301076,1909f56bfc062723c751e8b465ee728b)
Start importing Assets/Game/Graphics/Pipe.png using Guid(41971446312781a489a8778c2a360155) Importer(815301076,1909f56bfc062723c751e8b465ee728b)  -> (artifact id: 'dd166694c6d53f7950c3f96fab8b5fa8') in 0.034522 seconds
  Import took 0.039879 seconds .

========================================================================
Received Import Request.
  Time since last request: 14.334756 seconds.
  path: Assets/Game/Graphics/Button-Sheet.png
  artifactKey: Guid(8ee192361568e4c44a4d1c060a465cdc) Importer(815301076,1909f56bfc062723c751e8b465ee728b)
Start importing Assets/Game/Graphics/Button-Sheet.png using Guid(8ee192361568e4c44a4d1c060a465cdc) Importer(815301076,1909f56bfc062723c751e8b465ee728b)  -> (artifact id: '242bf6b8e8c49dcf4d56af3bfc67e28d') in 0.023830 seconds
  Import took 0.028466 seconds .

========================================================================
Received Import Request.
  Time since last request: 17.850769 seconds.
  path: Assets/Game/Graphics/Button-Sheet.png
  artifactKey: Guid(8ee192361568e4c44a4d1c060a465cdc) Importer(815301076,1909f56bfc062723c751e8b465ee728b)
Start importing Assets/Game/Graphics/Button-Sheet.png using Guid(8ee192361568e4c44a4d1c060a465cdc) Importer(815301076,1909f56bfc062723c751e8b465ee728b)  -> (artifact id: 'eef64eecb1304776e0e3d787aa85005d') in 0.013437 seconds
  Import took 0.017886 seconds .

========================================================================
Received Import Request.
  Time since last request: 22.631348 seconds.
  path: Assets/Game/Graphics/Button-Sheet.png
  artifactKey: Guid(8ee192361568e4c44a4d1c060a465cdc) Importer(815301076,1909f56bfc062723c751e8b465ee728b)
Start importing Assets/Game/Graphics/Button-Sheet.png using Guid(8ee192361568e4c44a4d1c060a465cdc) Importer(815301076,1909f56bfc062723c751e8b465ee728b)  -> (artifact id: '824e4e3c848a47bf538f6492d6773d48') in 0.023387 seconds
  Import took 0.028151 seconds .

========================================================================
Received Prepare
Registering precompiled user dll's ...
Registered in 0.001670 seconds.
Begin MonoManager ReloadAssembly
Native extension for WindowsStandalone target not found
Refreshing native plugins compatible for Editor in 0.52 ms, found 1 plugins.
Preloading 0 native plugins for Editor in 0.00 ms.
Invoked RoslynAnalysisRunner static constructor.
RoslynAnalysisRunner will not be running.
RoslynAnalysisRunner has terminated.
Mono: successfully reloaded assembly
- Completed reload, in  1.168 seconds
Platform modules already initialized, skipping
Refreshing native plugins compatible for Editor in 0.51 ms, found 1 plugins.
Preloading 0 native plugins for Editor in 0.00 ms.
Unloading 1839 Unused Serialized files (Serialized files now loaded: 0)
System memory in use before: 89.5 MB.
System memory in use after: 89.6 MB.

Unloading 7 unused Assets to reduce memory usage. Loaded Objects now: 2352.
Total: 2.931500 ms (FindLiveObjects: 0.275100 ms CreateObjectMapping: 0.099700 ms MarkObjects: 2.532500 ms  DeleteObjects: 0.022700 ms)

========================================================================
Received Prepare
Registering precompiled user dll's ...
Registered in 0.001706 seconds.
Begin MonoManager ReloadAssembly
Native extension for WindowsStandalone target not found
Refreshing native plugins compatible for Editor in 0.52 ms, found 1 plugins.
Preloading 0 native plugins for Editor in 0.00 ms.
Invoked RoslynAnalysisRunner static constructor.
RoslynAnalysisRunner will not be running.
RoslynAnalysisRunner has terminated.
Mono: successfully reloaded assembly
- Completed reload, in  1.147 seconds
Platform modules already initialized, skipping
Refreshing native plugins compatible for Editor in 0.52 ms, found 1 plugins.
Preloading 0 native plugins for Editor in 0.00 ms.
Unloading 1839 Unused Serialized files (Serialized files now loaded: 0)
System memory in use before: 89.5 MB.
System memory in use after: 89.6 MB.

Unloading 7 unused Assets to reduce memory usage. Loaded Objects now: 2356.
Total: 2.960300 ms (FindLiveObjects: 0.317000 ms CreateObjectMapping: 0.101100 ms MarkObjects: 2.512200 ms  DeleteObjects: 0.028000 ms)

========================================================================
Received Prepare
Registering precompiled user dll's ...
Registered in 0.001806 seconds.
Begin MonoManager ReloadAssembly
Native extension for WindowsStandalone target not found
Refreshing native plugins compatible for Editor in 0.47 ms, found 1 plugins.
Preloading 0 native plugins for Editor in 0.00 ms.
Invoked RoslynAnalysisRunner static constructor.
RoslynAnalysisRunner will not be running.
RoslynAnalysisRunner has terminated.
Mono: successfully reloaded assembly
- Completed reload, in  1.224 seconds
Platform modules already initialized, skipping
Refreshing native plugins compatible for Editor in 0.49 ms, found 1 plugins.
Preloading 0 native plugins for Editor in 0.00 ms.
Unloading 1839 Unused Serialized files (Serialized files now loaded: 0)
System memory in use before: 89.5 MB.
System memory in use after: 89.6 MB.

Unloading 7 unused Assets to reduce memory usage. Loaded Objects now: 2360.
Total: 6.126700 ms (FindLiveObjects: 0.504600 ms CreateObjectMapping: 0.248500 ms MarkObjects: 5.320200 ms  DeleteObjects: 0.049900 ms)

========================================================================
Received Import Request.
  Time since last request: 636.460071 seconds.
  path: Assets/Game/Scenes
  artifactKey: Guid(3632a85e09b57d34abfef87a9a15064f) Importer(815301076,1909f56bfc062723c751e8b465ee728b)
Start importing Assets/Game/Scenes using Guid(3632a85e09b57d34abfef87a9a15064f) Importer(815301076,1909f56bfc062723c751e8b465ee728b)  -> (artifact id: 'fd557b3d33509453573ad0ed5fd0630b') in 0.028216 seconds
  Import took 0.039067 seconds .

========================================================================
Received Import Request.
  Time since last request: 2.178274 seconds.
  path: Assets/Game/Scenes/TitleScreen.unity
  artifactKey: Guid(6aa426c4606b8674aa4558a1a7551f00) Importer(815301076,1909f56bfc062723c751e8b465ee728b)
Start importing Assets/Game/Scenes/TitleScreen.unity using Guid(6aa426c4606b8674aa4558a1a7551f00) Importer(815301076,1909f56bfc062723c751e8b465ee728b)  -> (artifact id: 'c0230fb6bb8df83a893eb0943c77a925') in 0.023422 seconds
  Import took 0.029016 seconds .

========================================================================
Received Prepare
Registering precompiled user dll's ...
Registered in 0.001699 seconds.
Begin MonoManager ReloadAssembly
Native extension for WindowsStandalone target not found
Refreshing native plugins compatible for Editor in 0.51 ms, found 1 plugins.
Preloading 0 native plugins for Editor in 0.00 ms.
Invoked RoslynAnalysisRunner static constructor.
RoslynAnalysisRunner will not be running.
RoslynAnalysisRunner has terminated.
Mono: successfully reloaded assembly
- Completed reload, in  1.125 seconds
Platform modules already initialized, skipping
Refreshing native plugins compatible for Editor in 0.50 ms, found 1 plugins.
Preloading 0 native plugins for Editor in 0.00 ms.
Unloading 1839 Unused Serialized files (Serialized files now loaded: 0)
System memory in use before: 89.5 MB.
System memory in use after: 89.6 MB.

Unloading 7 unused Assets to reduce memory usage. Loaded Objects now: 2364.
Total: 3.274700 ms (FindLiveObjects: 0.314100 ms CreateObjectMapping: 0.124800 ms MarkObjects: 2.808800 ms  DeleteObjects: 0.025400 ms)

========================================================================
Received Prepare
Registering precompiled user dll's ...
Registered in 0.001666 seconds.
Begin MonoManager ReloadAssembly
Native extension for WindowsStandalone target not found
Refreshing native plugins compatible for Editor in 0.53 ms, found 1 plugins.
Preloading 0 native plugins for Editor in 0.00 ms.
Invoked RoslynAnalysisRunner static constructor.
RoslynAnalysisRunner will not be running.
RoslynAnalysisRunner has terminated.
Mono: successfully reloaded assembly
- Completed reload, in  1.143 seconds
Platform modules already initialized, skipping
Refreshing native plugins compatible for Editor in 0.52 ms, found 1 plugins.
Preloading 0 native plugins for Editor in 0.00 ms.
Unloading 1839 Unused Serialized files (Serialized files now loaded: 0)
System memory in use before: 89.5 MB.
System memory in use after: 89.6 MB.

Unloading 7 unused Assets to reduce memory usage. Loaded Objects now: 2368.
Total: 2.871500 ms (FindLiveObjects: 0.312500 ms CreateObjectMapping: 0.113400 ms MarkObjects: 2.417700 ms  DeleteObjects: 0.026000 ms)

========================================================================
Received Prepare
Registering precompiled user dll's ...
Registered in 0.003834 seconds.
Begin MonoManager ReloadAssembly
Native extension for WindowsStandalone target not found
Refreshing native plugins compatible for Editor in 0.71 ms, found 1 plugins.
Preloading 0 native plugins for Editor in 0.00 ms.
Invoked RoslynAnalysisRunner static constructor.
RoslynAnalysisRunner will not be running.
RoslynAnalysisRunner has terminated.
Mono: successfully reloaded assembly
- Completed reload, in  2.033 seconds
Platform modules already initialized, skipping
Refreshing native plugins compatible for Editor in 0.49 ms, found 1 plugins.
Preloading 0 native plugins for Editor in 0.00 ms.
Unloading 1839 Unused Serialized files (Serialized files now loaded: 0)
System memory in use before: 89.5 MB.
System memory in use after: 89.6 MB.

Unloading 7 unused Assets to reduce memory usage. Loaded Objects now: 2372.
Total: 3.645300 ms (FindLiveObjects: 0.314300 ms CreateObjectMapping: 0.166100 ms MarkObjects: 3.126400 ms  DeleteObjects: 0.035800 ms)

========================================================================
Received Prepare
Refreshing native plugins compatible for Editor in 2.90 ms, found 1 plugins.
Preloading 0 native plugins for Editor in 0.00 ms.
Unloading 5 Unused Serialized files (Serialized files now loaded: 0)
System memory in use before: 53.2 MB.
System memory in use after: 53.4 MB.

Unloading 5 unused Assets to reduce memory usage. Loaded Objects now: 2372.
Total: 3.148400 ms (FindLiveObjects: 0.311000 ms CreateObjectMapping: 0.124100 ms MarkObjects: 2.683100 ms  DeleteObjects: 0.028400 ms)

========================================================================
Received Prepare
Registering precompiled user dll's ...
Registered in 0.002775 seconds.
Begin MonoManager ReloadAssembly
Native extension for WindowsStandalone target not found
Refreshing native plugins compatible for Editor in 0.56 ms, found 1 plugins.
Preloading 0 native plugins for Editor in 0.00 ms.
Invoked RoslynAnalysisRunner static constructor.
RoslynAnalysisRunner will not be running.
RoslynAnalysisRunner has terminated.
Mono: successfully reloaded assembly
- Completed reload, in  1.461 seconds
Platform modules already initialized, skipping
Refreshing native plugins compatible for Editor in 0.77 ms, found 1 plugins.
Preloading 0 native plugins for Editor in 0.00 ms.
Unloading 1839 Unused Serialized files (Serialized files now loaded: 0)
System memory in use before: 89.5 MB.
System memory in use after: 89.6 MB.

Unloading 7 unused Assets to reduce memory usage. Loaded Objects now: 2376.
Total: 5.592400 ms (FindLiveObjects: 0.424000 ms CreateObjectMapping: 0.224700 ms MarkObjects: 4.893200 ms  DeleteObjects: 0.048200 ms)

========================================================================
Received Prepare
Registering precompiled user dll's ...
Registered in 0.004308 seconds.
Begin MonoManager ReloadAssembly
Native extension for WindowsStandalone target not found
Refreshing native plugins compatible for Editor in 0.76 ms, found 1 plugins.
Preloading 0 native plugins for Editor in 0.00 ms.
Invoked RoslynAnalysisRunner static constructor.
RoslynAnalysisRunner will not be running.
RoslynAnalysisRunner has terminated.
Mono: successfully reloaded assembly
- Completed reload, in  2.146 seconds
Platform modules already initialized, skipping
Refreshing native plugins compatible for Editor in 0.78 ms, found 1 plugins.
Preloading 0 native plugins for Editor in 0.00 ms.
Unloading 1839 Unused Serialized files (Serialized files now loaded: 0)
System memory in use before: 89.5 MB.
System memory in use after: 89.6 MB.

Unloading 7 unused Assets to reduce memory usage. Loaded Objects now: 2380.
Total: 4.682300 ms (FindLiveObjects: 0.582300 ms CreateObjectMapping: 0.241000 ms MarkObjects: 3.705500 ms  DeleteObjects: 0.149900 ms)

========================================================================
Received Prepare
Refreshing native plugins compatible for Editor in 3.67 ms, found 1 plugins.
Preloading 0 native plugins for Editor in 0.00 ms.
Unloading 5 Unused Serialized files (Serialized files now loaded: 0)
System memory in use before: 53.3 MB.
System memory in use after: 53.4 MB.

Unloading 5 unused Assets to reduce memory usage. Loaded Objects now: 2380.
Total: 4.326900 ms (FindLiveObjects: 0.501700 ms CreateObjectMapping: 0.170900 ms MarkObjects: 3.621100 ms  DeleteObjects: 0.030900 ms)

AssetImportWorkerClient::OnTransportError - code=2 error=End of file
